[21672:21672:0420/180229.758892:ERROR:sandbox_linux.cc(374)] InitializeSandbox() called with multiple threads in process gpu-process.
[21636:21636:0420/180358.037805:INFO:CONSOLE(1136)] "A parser-blocking, cross site (i.e. different eTLD+1) script, https://recomendacao.globo.com/rec/v2/item?client_id=techtudo&url=https%3A//www.techtudo.com.br/listas/2020/05/o-que-e-uma-conta-comercial-no-whatsapp-cinco-perguntas-e-respostas.ghtml&content_id=FEED&page=1&limit=10&photo_size=540x304/top/smart,810x456/top/smart,1080x608/top/smart&callback=bstn.cb.recommendationFirstFetch, is invoked via document.write. The network request for this script MAY be blocked by the browser in this or a future page load due to poor network connectivity. If blocked in this page load, it will be confirmed in a subsequent console message. See https://www.chromestatus.com/feature/5718547946799104 for more details.", source: https://www.techtudo.com.br/listas/2020/05/o-que-e-uma-conta-comercial-no-whatsapp-cinco-perguntas-e-respostas.ghtml (1136)
[21636:21636:0420/180358.037871:INFO:CONSOLE(1136)] "A parser-blocking, cross site (i.e. different eTLD+1) script, https://recomendacao.globo.com/rec/v2/item?client_id=techtudo&url=https%3A//www.techtudo.com.br/listas/2020/05/o-que-e-uma-conta-comercial-no-whatsapp-cinco-perguntas-e-respostas.ghtml&content_id=FEED&page=1&limit=10&photo_size=540x304/top/smart,810x456/top/smart,1080x608/top/smart&callback=bstn.cb.recommendationFirstFetch, is invoked via document.write. The network request for this script MAY be blocked by the browser in this or a future page load due to poor network connectivity. If blocked in this page load, it will be confirmed in a subsequent console message. See https://www.chromestatus.com/feature/5718547946799104 for more details.", source: https://www.techtudo.com.br/listas/2020/05/o-que-e-uma-conta-comercial-no-whatsapp-cinco-perguntas-e-respostas.ghtml (1136)
[21636:21636:0420/180358.078639:INFO:CONSOLE(535)] "Powered by AMP ⚡ HTML – Version 2104081613001 https://www.techtudo.com.br/listas/2020/05/o-que-e-uma-conta-comercial-no-whatsapp-cinco-perguntas-e-respostas.ghtml", source: https://cdn.ampproject.org/v0.js (535)
[21636:21636:0420/180358.325746:INFO:CONSOLE(15)] "PotentialTTI::start", source: https://s3.glbimg.com/v1/AUTH_b002e0039b9f46a5a4a94ff667d31e2d/assets/dist/79f183b1689b0b1a06d099aa3ea9153d.js (15)
[21636:21636:0420/180358.363946:INFO:CONSOLE(72)] "google gpt sendo carregado via tag manager lazyload", source: https://tags.tiqcdn.com/utag/globo/editoraglobo/prod/utag.js (72)
[21636:21636:0420/180358.363997:INFO:CONSOLE(74)] "prebid ok", source: https://tags.tiqcdn.com/utag/globo/editoraglobo/prod/utag.js (74)
[21636:21636:0420/180358.364035:INFO:CONSOLE(75)] "positions ok", source: https://tags.tiqcdn.com/utag/globo/editoraglobo/prod/utag.js (75)
[21853:1:0420/180358.393824:ERROR:range_in_flat_tree.cc(24)] end #text ", com um link capaz de redirecionar o an\u00FAncio ao chat do perfil da empresa no WhatsApp. A fun\u00E7\u00E3o \u00E9 gratuita, mas por tempo limitado. As marcas t\u00EAm 24h para responder os clientes \u2014 depois desse per\u00EDodo, s\u00E3o cobradas taxas para a conta comercial. "@offsetInAnchor[87]
[21853:1:0420/180358.397687:ERROR:range_in_flat_tree.cc(24)] end #text ", com um link capaz de redirecionar o an\u00FAncio ao chat do perfil da empresa no WhatsApp. A fun\u00E7\u00E3o \u00E9 gratuita, mas por tempo limitado. As marcas t\u00EAm 24h para responder os clientes \u2014 depois desse per\u00EDodo, s\u00E3o cobradas taxas para a conta comercial. "@offsetInAnchor[87]
[21853:1:0420/180358.450221:ERROR:range_in_flat_tree.cc(24)] end #text ", com um link capaz de redirecionar o an\u00FAncio ao chat do perfil da empresa no WhatsApp. A fun\u00E7\u00E3o \u00E9 gratuita, mas por tempo limitado. As marcas t\u00EAm 24h para responder os clientes \u2014 depois desse per\u00EDodo, s\u00E3o cobradas taxas para a conta comercial. "@offsetInAnchor[87]
[21853:1:0420/180358.454507:ERROR:range_in_flat_tree.cc(24)] end #text ", com um link capaz de redirecionar o an\u00FAncio ao chat do perfil da empresa no WhatsApp. A fun\u00E7\u00E3o \u00E9 gratuita, mas por tempo limitado. As marcas t\u00EAm 24h para responder os clientes \u2014 depois desse per\u00EDodo, s\u00E3o cobradas taxas para a conta comercial. "@offsetInAnchor[87]
[21853:1:0420/180358.472433:ERROR:range_in_flat_tree.cc(24)] end #text ", com um link capaz de redirecionar o an\u00FAncio ao chat do perfil da empresa no WhatsApp. A fun\u00E7\u00E3o \u00E9 gratuita, mas por tempo limitado. As marcas t\u00EAm 24h para responder os clientes \u2014 depois desse per\u00EDodo, s\u00E3o cobradas taxas para a conta comercial. "@offsetInAnchor[87]
[21636:21636:0420/180358.487091:INFO:CONSOLE(210)] "eh materia", source: https://tags.tiqcdn.com/utag/globo/editoraglobo/prod/utag.js (210)
[21636:21636:0420/180358.487555:INFO:CONSOLE(1)] "taboola", source:  (1)
[21636:21636:0420/180358.496524:INFO:CONSOLE(230)] "site habilitado pro auto refresh? =>  true", source: https://tags.tiqcdn.com/utag/globo/editoraglobo/prod/utag.js (230)
[21853:1:0420/180358.509439:ERROR:range_in_flat_tree.cc(24)] end #text ", com um link capaz de redirecionar o an\u00FAncio ao chat do perfil da empresa no WhatsApp. A fun\u00E7\u00E3o \u00E9 gratuita, mas por tempo limitado. As marcas t\u00EAm 24h para responder os clientes \u2014 depois desse per\u00EDodo, s\u00E3o cobradas taxas para a conta comercial. "@offsetInAnchor[87]
[21636:21636:0420/180358.623661:INFO:CONSOLE(2)] "O container com id "glb-shopping-widget" não foi encontrado na página", source: https://vitrines.globo.com/vitrine/vitrine.min.js (2)
[21636:21636:0420/180358.630088:INFO:CONSOLE(1)] "[Player API] //p.glbimg.com/player/settings.min.js embedded!", source: https://p.glbimg.com/api/stable/api.min.js (1)
[21636:21636:0420/180358.803557:INFO:CONSOLE(5)] "ad_site_page:  techtudo/softwares", source: https://tags.tiqcdn.com/utag/globo/editoraglobo/prod/utag.224.js?utv=ut4.41.202104202028 (5)
[21636:21636:0420/180358.803926:INFO:CONSOLE(6)] "erro adunit", source: https://tags.tiqcdn.com/utag/globo/editoraglobo/prod/utag.224.js?utv=ut4.41.202104202028 (6)
[21636:21636:0420/180358.803964:INFO:CONSOLE(8)] "ad_unit>>>  edtechtudo/softwares", source: https://tags.tiqcdn.com/utag/globo/editoraglobo/prod/utag.224.js?utv=ut4.41.202104202028 (8)
[21636:21636:0420/180358.804014:INFO:CONSOLE(8)] "URL>>>  o-que-e-uma-conta-comercial-no-whatsapp-cinco-perguntas-e-respostas", source: https://tags.tiqcdn.com/utag/globo/editoraglobo/prod/utag.224.js?utv=ut4.41.202104202028 (8)
[21636:21636:0420/180358.804336:INFO:CONSOLE(9)] "Title>>>  o que e uma conta comercial no whatsapp cinco perguntas e respostas", source: https://tags.tiqcdn.com/utag/globo/editoraglobo/prod/utag.224.js?utv=ut4.41.202104202028 (9)
[21636:21636:0420/180358.839503:INFO:CONSOLE(1)] "taboola", source:  (1)
[21636:21636:0420/180358.934029:INFO:CONSOLE(22)] "structure_tree>>>  TechTudo,Downloads,Apps,Redes sociais", source: https://tags.tiqcdn.com/utag/globo/editoraglobo/prod/utag.224.js?utv=ut4.41.202104202028 (22)
[21636:21636:0420/180358.934081:INFO:CONSOLE(23)] "container length =>  1", source: https://tags.tiqcdn.com/utag/globo/editoraglobo/prod/utag.224.js?utv=ut4.41.202104202028 (23)
[21636:21636:0420/180358.934120:INFO:CONSOLE(28)] "size: 728,90,970,90,970,250,1190,250,970,150,1,1", source: https://tags.tiqcdn.com/utag/globo/editoraglobo/prod/utag.224.js?utv=ut4.41.202104202028 (28)
[21636:21636:0420/180358.934141:INFO:CONSOLE(30)] "editora.pos>>>  Top", source: https://tags.tiqcdn.com/utag/globo/editoraglobo/prod/utag.224.js?utv=ut4.41.202104202028 (30)
[21636:21636:0420/180358.934168:INFO:CONSOLE(30)] "slot:  /85042905/edtechtudo/softwares 728,90,970,90,970,250,1190,250,970,150,1,1 super", source: https://tags.tiqcdn.com/utag/globo/editoraglobo/prod/utag.224.js?utv=ut4.41.202104202028 (30)
[21636:21636:0420/180358.936295:INFO:CONSOLE(23)] "container length =>  0", source: https://tags.tiqcdn.com/utag/globo/editoraglobo/prod/utag.224.js?utv=ut4.41.202104202028 (23)
[21636:21636:0420/180358.936363:INFO:CONSOLE(23)] "container length =>  0", source: https://tags.tiqcdn.com/utag/globo/editoraglobo/prod/utag.224.js?utv=ut4.41.202104202028 (23)
[21636:21636:0420/180358.936402:INFO:CONSOLE(23)] "container length =>  0", source: https://tags.tiqcdn.com/utag/globo/editoraglobo/prod/utag.224.js?utv=ut4.41.202104202028 (23)
[21636:21636:0420/180358.936432:INFO:CONSOLE(23)] "container length =>  0", source: https://tags.tiqcdn.com/utag/globo/editoraglobo/prod/utag.224.js?utv=ut4.41.202104202028 (23)
[21636:21636:0420/180358.936453:INFO:CONSOLE(23)] "container length =>  0", source: https://tags.tiqcdn.com/utag/globo/editoraglobo/prod/utag.224.js?utv=ut4.41.202104202028 (23)
[21636:21636:0420/180358.936484:INFO:CONSOLE(23)] "container length =>  0", source: https://tags.tiqcdn.com/utag/globo/editoraglobo/prod/utag.224.js?utv=ut4.41.202104202028 (23)
[21636:21636:0420/180358.936503:INFO:CONSOLE(23)] "container length =>  0", source: https://tags.tiqcdn.com/utag/globo/editoraglobo/prod/utag.224.js?utv=ut4.41.202104202028 (23)
[21636:21636:0420/180358.936533:INFO:CONSOLE(23)] "container length =>  1", source: https://tags.tiqcdn.com/utag/globo/editoraglobo/prod/utag.224.js?utv=ut4.41.202104202028 (23)
[21636:21636:0420/180358.936556:INFO:CONSOLE(28)] "size: 640,360,640,480", source: https://tags.tiqcdn.com/utag/globo/editoraglobo/prod/utag.224.js?utv=ut4.41.202104202028 (28)
[21636:21636:0420/180358.936627:INFO:CONSOLE(30)] "editora.pos>>>  Inread", source: https://tags.tiqcdn.com/utag/globo/editoraglobo/prod/utag.224.js?utv=ut4.41.202104202028 (30)
[21636:21636:0420/180358.936652:INFO:CONSOLE(30)] "slot:  /85042905/edtechtudo/softwares 640,360,640,480 pub-in-text", source: https://tags.tiqcdn.com/utag/globo/editoraglobo/prod/utag.224.js?utv=ut4.41.202104202028 (30)
[21636:21636:0420/180358.936959:INFO:CONSOLE(23)] "container length =>  1", source: https://tags.tiqcdn.com/utag/globo/editoraglobo/prod/utag.224.js?utv=ut4.41.202104202028 (23)
[21636:21636:0420/180358.936995:INFO:CONSOLE(28)] "size: fluid,300,250,600,300,620,300,1,1,695,300", source: https://tags.tiqcdn.com/utag/globo/editoraglobo/prod/utag.224.js?utv=ut4.41.202104202028 (28)
[21636:21636:0420/180358.937029:INFO:CONSOLE(30)] "editora.pos>>>  Megabox", source: https://tags.tiqcdn.com/utag/globo/editoraglobo/prod/utag.224.js?utv=ut4.41.202104202028 (30)
[21636:21636:0420/180358.937295:INFO:CONSOLE(30)] "slot:  /85042905/edtechtudo/softwares fluid,300,250,600,300,620,300,1,1,695,300 banner_megabox_fim", source: https://tags.tiqcdn.com/utag/globo/editoraglobo/prod/utag.224.js?utv=ut4.41.202104202028 (30)
[21636:21636:0420/180358.937675:INFO:CONSOLE(23)] "container length =>  1", source: https://tags.tiqcdn.com/utag/globo/editoraglobo/prod/utag.224.js?utv=ut4.41.202104202028 (23)
[21636:21636:0420/180358.937709:INFO:CONSOLE(28)] "size: 300,250", source: https://tags.tiqcdn.com/utag/globo/editoraglobo/prod/utag.224.js?utv=ut4.41.202104202028 (28)
[21636:21636:0420/180358.937744:INFO:CONSOLE(30)] "editora.pos>>>  Top", source: https://tags.tiqcdn.com/utag/globo/editoraglobo/prod/utag.224.js?utv=ut4.41.202104202028 (30)
[21636:21636:0420/180358.937815:INFO:CONSOLE(30)] "slot:  /85042905/edtechtudo/softwares 300,250 banner_materia1", source: https://tags.tiqcdn.com/utag/globo/editoraglobo/prod/utag.224.js?utv=ut4.41.202104202028 (30)
[21636:21636:0420/180358.938128:INFO:CONSOLE(23)] "container length =>  0", source: https://tags.tiqcdn.com/utag/globo/editoraglobo/prod/utag.224.js?utv=ut4.41.202104202028 (23)
[21636:21636:0420/180358.938155:INFO:CONSOLE(23)] "container length =>  1", source: https://tags.tiqcdn.com/utag/globo/editoraglobo/prod/utag.224.js?utv=ut4.41.202104202028 (23)
[21636:21636:0420/180358.938245:INFO:CONSOLE(28)] "size: 970,250", source: https://tags.tiqcdn.com/utag/globo/editoraglobo/prod/utag.224.js?utv=ut4.41.202104202028 (28)
[21636:21636:0420/180358.938268:INFO:CONSOLE(30)] "editora.pos>>>  vitrine", source: https://tags.tiqcdn.com/utag/globo/editoraglobo/prod/utag.224.js?utv=ut4.41.202104202028 (30)
[21636:21636:0420/180358.938303:INFO:CONSOLE(30)] "slot:  /85042905/edtechtudo/softwares 970,250 pub-vitrine", source: https://tags.tiqcdn.com/utag/globo/editoraglobo/prod/utag.224.js?utv=ut4.41.202104202028 (30)
[21636:21636:0420/180358.938935:INFO:CONSOLE(23)] "container length =>  0", source: https://tags.tiqcdn.com/utag/globo/editoraglobo/prod/utag.224.js?utv=ut4.41.202104202028 (23)
[21636:21636:0420/180358.939001:INFO:CONSOLE(23)] "container length =>  0", source: https://tags.tiqcdn.com/utag/globo/editoraglobo/prod/utag.224.js?utv=ut4.41.202104202028 (23)
[21636:21636:0420/180358.939388:INFO:CONSOLE(33)] "Krux diz:  TypeError: Cannot read property 'concat' of undefined", source: https://tags.tiqcdn.com/utag/globo/editoraglobo/prod/utag.224.js?utv=ut4.41.202104202028 (33)
[21636:21636:0420/180358.941769:INFO:CONSOLE(36)] "Position>>>  super", source: https://tags.tiqcdn.com/utag/globo/editoraglobo/prod/utag.224.js?utv=ut4.41.202104202028 (36)
[21636:21636:0420/180358.942002:INFO:CONSOLE(36)] "Position>>>  pub-in-text", source: https://tags.tiqcdn.com/utag/globo/editoraglobo/prod/utag.224.js?utv=ut4.41.202104202028 (36)
[21636:21636:0420/180358.942245:INFO:CONSOLE(36)] "Position>>>  banner_megabox_fim", source: https://tags.tiqcdn.com/utag/globo/editoraglobo/prod/utag.224.js?utv=ut4.41.202104202028 (36)
[21636:21636:0420/180358.942504:INFO:CONSOLE(36)] "Position>>>  banner_materia1", source: https://tags.tiqcdn.com/utag/globo/editoraglobo/prod/utag.224.js?utv=ut4.41.202104202028 (36)
[21636:21636:0420/180358.942782:INFO:CONSOLE(36)] "Position>>>  pub-vitrine", source: https://tags.tiqcdn.com/utag/globo/editoraglobo/prod/utag.224.js?utv=ut4.41.202104202028 (36)
[21636:21636:0420/180358.987466:INFO:CONSOLE(1)] "[Player API] player experiments alternatives: [object Object]", source: https://p.glbimg.com/api/stable/api.min.js (1)
[21636:21636:0420/180358.997247:INFO:CONSOLE(1)] "[Player API] version: stable", source: https://p.glbimg.com/api/stable/api.min.js (1)
[21636:21636:0420/180358.997318:INFO:CONSOLE(1)] "[Player API] bundle: player", source: https://p.glbimg.com/api/stable/api.min.js (1)
[21636:21636:0420/180358.997403:INFO:CONSOLE(1)] "[Player API] embedding: //p.glbimg.com/stable/player.min.js", source: https://p.glbimg.com/api/stable/api.min.js (1)
[21636:21636:0420/180359.025712:INFO:CONSOLE(2)] "%cPrebid-RP display: inline-block; color: #fff; background: #4dc33b; padding: 1px 4px; border-radius: 3px; DEBUG: adunitPattern/slot match found: [object Object] [object Object]", source: https://ads.rubiconproject.com/prebid/15688_techtudo.js (2)
[21636:21636:0420/180359.026565:INFO:CONSOLE(2)] "%cPrebid-RP display: inline-block; color: #fff; background: #4dc33b; padding: 1px 4px; border-radius: 3px; WARN: createAdUnit: no adunitPattern found for slot: [object Object]", source: https://ads.rubiconproject.com/prebid/15688_techtudo.js (2)
[21636:21636:0420/180359.026827:INFO:CONSOLE(2)] "%cPrebid-RP display: inline-block; color: #fff; background: #4dc33b; padding: 1px 4px; border-radius: 3px; WARN: skipping "fluid" ad size for gpt slot: [object Object]", source: https://ads.rubiconproject.com/prebid/15688_techtudo.js (2)
[21636:21636:0420/180359.026885:INFO:CONSOLE(2)] "%cPrebid-RP display: inline-block; color: #fff; background: #4dc33b; padding: 1px 4px; border-radius: 3px; DEBUG: adunitPattern/slot match found: [object Object] [object Object]", source: https://ads.rubiconproject.com/prebid/15688_techtudo.js (2)
[21636:21636:0420/180359.027355:INFO:CONSOLE(2)] "%cPrebid-RP display: inline-block; color: #fff; background: #4dc33b; padding: 1px 4px; border-radius: 3px; DEBUG: adunitPattern/slot match found: [object Object] [object Object]", source: https://ads.rubiconproject.com/prebid/15688_techtudo.js (2)
[21636:21636:0420/180359.027400:INFO:CONSOLE(2)] "%cPrebid-RP display: inline-block; color: #fff; background: #4dc33b; padding: 1px 4px; border-radius: 3px; WARN: createAdUnit: no adunitPattern found for slot: [object Object]", source: https://ads.rubiconproject.com/prebid/15688_techtudo.js (2)
[21636:21636:0420/180359.027508:INFO:CONSOLE(2)] "%cPrebid-RP display: inline-block; color: #fff; background: #4dc33b; padding: 1px 4px; border-radius: 3px; DEBUG: requestBids: [object Object] [object Object],[object Object],[object Object]", source: https://ads.rubiconproject.com/prebid/15688_techtudo.js (2)
[21636:21636:0420/180359.028051:INFO:CONSOLE(6)] "%cPrebid display: inline-block; color: #fff; background: #3b88c3; padding: 1px 4px; border-radius: 3px; WARNING: USP CMP not found. Resuming auction without consent data as per consentManagement config. undefined", source: https://ads.rubiconproject.com/prebid/15688_techtudo.js (6)
[21636:21636:0420/180359.028287:INFO:CONSOLE(6)] "%cPrebid display: inline-block; color: #fff; background: #3b88c3; padding: 1px 4px; border-radius: 3px; INFO: Invoking pbjs.enableAnalytics for:  [object Object]", source: https://ads.rubiconproject.com/prebid/15688_techtudo.js (6)
[21636:21636:0420/180359.029676:INFO:CONSOLE(6)] "%cPrebid display: inline-block; color: #fff; background: #3b88c3; padding: 1px 4px; border-radius: 3px; MESSAGE: Emitting event for: requestBids", source: https://ads.rubiconproject.com/prebid/15688_techtudo.js (6)
[21636:21636:0420/180359.030150:INFO:CONSOLE(6)] "%cPrebid display: inline-block; color: #fff; background: #3b88c3; padding: 1px 4px; border-radius: 3px; INFO: Invoking pbjs.requestBids [object Arguments]", source: https://ads.rubiconproject.com/prebid/15688_techtudo.js (6)
[21636:21636:0420/180359.032364:INFO:CONSOLE(6)] "%cPrebid display: inline-block; color: #fff; background: #3b88c3; padding: 1px 4px; border-radius: 3px; MESSAGE: Emitting event for: beforeRequestBids", source: https://ads.rubiconproject.com/prebid/15688_techtudo.js (6)
[21636:21636:0420/180359.034015:INFO:CONSOLE(6)] "%cPrebid display: inline-block; color: #fff; background: #3b88c3; padding: 1px 4px; border-radius: 3px; INFO: Bids Requested for Auction with id: b18ffcaf-7687-4c36-bf84-11ad1627dd02 [object Object],[object Object],[object Object]", source: https://ads.rubiconproject.com/prebid/15688_techtudo.js (6)
[21636:21636:0420/180359.034367:INFO:CONSOLE(6)] "%cPrebid display: inline-block; color: #fff; background: #3b88c3; padding: 1px 4px; border-radius: 3px; MESSAGE: Emitting event for: auctionInit", source: https://ads.rubiconproject.com/prebid/15688_techtudo.js (6)
[21636:21636:0420/180359.036622:INFO:CONSOLE(6)] "%cPrebid display: inline-block; color: #fff; background: #3b88c3; padding: 1px 4px; border-radius: 3px; MESSAGE: CALLING BIDDER ======= rubicon", source: https://ads.rubiconproject.com/prebid/15688_techtudo.js (6)
[21636:21636:0420/180359.036693:INFO:CONSOLE(6)] "%cPrebid display: inline-block; color: #fff; background: #3b88c3; padding: 1px 4px; border-radius: 3px; MESSAGE: Emitting event for: bidRequested", source: https://ads.rubiconproject.com/prebid/15688_techtudo.js (6)
[21636:21636:0420/180359.038276:INFO:CONSOLE(6)] "%cPrebid display: inline-block; color: #fff; background: #3b88c3; padding: 1px 4px; border-radius: 3px; MESSAGE: Rubicon: making banner request for adUnit super", source: https://ads.rubiconproject.com/prebid/15688_techtudo.js (6)
[21636:21636:0420/180359.038376:INFO:CONSOLE(6)] "%cPrebid display: inline-block; color: #fff; background: #3b88c3; padding: 1px 4px; border-radius: 3px; MESSAGE: Rubicon: making banner request for adUnit banner_megabox_fim", source: https://ads.rubiconproject.com/prebid/15688_techtudo.js (6)
[21636:21636:0420/180359.038517:INFO:CONSOLE(6)] "%cPrebid display: inline-block; color: #fff; background: #3b88c3; padding: 1px 4px; border-radius: 3px; MESSAGE: Rubicon: making banner request for adUnit banner_materia1", source: https://ads.rubiconproject.com/prebid/15688_techtudo.js (6)
[21636:21636:0420/180359.041438:INFO:CONSOLE(6)] "%cPrebid display: inline-block; color: #fff; background: #3b88c3; padding: 1px 4px; border-radius: 3px; MESSAGE: CALLING BIDDER ======= criteo", source: https://ads.rubiconproject.com/prebid/15688_techtudo.js (6)
[21636:21636:0420/180359.041573:INFO:CONSOLE(6)] "%cPrebid display: inline-block; color: #fff; background: #3b88c3; padding: 1px 4px; border-radius: 3px; MESSAGE: Emitting event for: bidRequested", source: https://ads.rubiconproject.com/prebid/15688_techtudo.js (6)
[21636:21636:0420/180359.043548:INFO:CONSOLE(6)] "%cPrebid display: inline-block; color: #fff; background: #3b88c3; padding: 1px 4px; border-radius: 3px; MESSAGE: CALLING BIDDER ======= smartadserver", source: https://ads.rubiconproject.com/prebid/15688_techtudo.js (6)
[21636:21636:0420/180359.043681:INFO:CONSOLE(6)] "%cPrebid display: inline-block; color: #fff; background: #3b88c3; padding: 1px 4px; border-radius: 3px; MESSAGE: Emitting event for: bidRequested", source: https://ads.rubiconproject.com/prebid/15688_techtudo.js (6)
[21636:21636:0420/180359.141763:INFO:CONSOLE(6)] "%cPrebid display: inline-block; color: #fff; background: #3b88c3; padding: 1px 4px; border-radius: 3px; INFO: currencyRates set to {"dataAsOf":"2021-04-20T15:00:47.330Z","conversions":{"USD":{"USD":1,"JPY":108.40594141565013,"BGN":1.6229358559455647,"CZK":21.49448178574392,"DKK":6.170857190274665,"GBP":0.7160816529748568,"HUF":299.65148120487925,"PLN":3.777694797112273,"RON":4.0891212347523025,"SEK":8.404945647664094,"CHF":0.915193759853954,"ISK":126.04763090199984,"NOK":8.295162227201061,"HRK":6.282881088706332,"RUB":76.5733963986391,"TRY":8.112521782424695,"AUD":1.2855364700024894,"BRL":5.56941332669488,"CAD":1.2520952618039995,"CNY":6.497635051033109,"HKD":7.762841257986889,"IDR":14528.653223798854,"ILS":3.250020745166376,"INR":75.13733300141067,"KRW":1114.3556551323543,"MXN":19.893037922164133,"MYR":4.115509086382873,"NZD":1.3886814372251264,"PHP":48.306364617044224,"SGD":1.3284374740685418,"THB":31.275412828810882,"ZAR":14.29648991784914,"EUR":0.8298066550493735},"GBP":{"USD":1.3964887884581958,"JPY":151.3876817892114,"BGN":2.2664117272147863,"CZK":30.016802827510283,"DKK":8.617532881395213,"GBP":1,"HUF":418.45993394750565,"PLN":5.275508430384147,"RON":5.710411958977925,"SEK":11.737412364563417,"CHF":1.2780578249029493,"ISK":176.02410336635958,"NOK":11.584101048728199,"HRK":8.773972999594415,"RUB":106.9338895648647,"TRY":11.329045715278985,"AUD":1.795237267512602,"BRL":7.777623269019063,"CAD":1.7485369951909149,"CNY":9.073874500260734,"HKD":10.840720783359407,"IDR":20289.101338432123,"ILS":4.538617532881395,"INR":104.92844313111999,"KRW":1556.1851787473204,"MXN":27.780404426675936,"MYR":5.747262297931514,"NZD":1.939278057824903,"PHP":67.45929659887595,"SGD":1.8551480387044441,"THB":43.67576336983603,"ZAR":19.96488788458196,"EUR":1.1588156903644475}}}", source: https://ads.rubiconproject.com/prebid/15688_techtudo.js (6)
[21636:21636:0420/180359.492459:INFO:CONSOLE(1173)] "(MC Ads) Mab Promise Rejection, using default value instead [object Object]", source: https://www.techtudo.com.br/listas/2020/05/o-que-e-uma-conta-comercial-no-whatsapp-cinco-perguntas-e-respostas.ghtml (1173)
[21636:21655:0420/180359.502698:ERROR:cert_verify_proc_builtin.cc(637)] CertVerifyProcBuiltin for cdn.wsedg.globo.com failed:
----- Certificate i=0 (CN=wsedg.globo.com) -----
ERROR: Time is after notAfter


[21674:21689:0420/180359.504444:ERROR:ssl_client_socket_impl.cc(947)] handshake failed; returned -1, SSL error code 1, net_error -201
[21636:21636:0420/180359.618098:INFO:CONSOLE(6)] "%cPrebid display: inline-block; color: #fff; background: #3b88c3; padding: 1px 4px; border-radius: 3px; MESSAGE: Emitting event for: noBid", source: https://ads.rubiconproject.com/prebid/15688_techtudo.js (6)
[21636:21636:0420/180359.618303:INFO:CONSOLE(6)] "%cPrebid display: inline-block; color: #fff; background: #3b88c3; padding: 1px 4px; border-radius: 3px; MESSAGE: Emitting event for: bidderDone", source: https://ads.rubiconproject.com/prebid/15688_techtudo.js (6)
[21636:21636:0420/180359.887225:INFO:CONSOLE(6)] "%cPrebid display: inline-block; color: #fff; background: #3b88c3; padding: 1px 4px; border-radius: 3px; MESSAGE: Emitting event for: bidAdjustment", source: https://ads.rubiconproject.com/prebid/15688_techtudo.js (6)
[21636:21636:0420/180359.888527:INFO:CONSOLE(6)] "%cPrebid display: inline-block; color: #fff; background: #3b88c3; padding: 1px 4px; border-radius: 3px; MESSAGE: Emitting event for: bidResponse", source: https://ads.rubiconproject.com/prebid/15688_techtudo.js (6)
[21636:21636:0420/180359.889127:INFO:CONSOLE(6)] "%cPrebid display: inline-block; color: #fff; background: #3b88c3; padding: 1px 4px; border-radius: 3px; MESSAGE: Emitting event for: bidAdjustment", source: https://ads.rubiconproject.com/prebid/15688_techtudo.js (6)
[21636:21636:0420/180359.889380:INFO:CONSOLE(6)] "%cPrebid display: inline-block; color: #fff; background: #3b88c3; padding: 1px 4px; border-radius: 3px; INFO: suppressing empty key 'hb_deal' from adserver targeting", source: https://ads.rubiconproject.com/prebid/15688_techtudo.js (6)
[21636:21636:0420/180359.889451:INFO:CONSOLE(6)] "%cPrebid display: inline-block; color: #fff; background: #3b88c3; padding: 1px 4px; border-radius: 3px; MESSAGE: Emitting event for: bidResponse", source: https://ads.rubiconproject.com/prebid/15688_techtudo.js (6)
[21636:21636:0420/180359.889646:INFO:CONSOLE(6)] "%cPrebid display: inline-block; color: #fff; background: #3b88c3; padding: 1px 4px; border-radius: 3px; MESSAGE: Emitting event for: noBid", source: https://ads.rubiconproject.com/prebid/15688_techtudo.js (6)
[21636:21636:0420/180359.889723:INFO:CONSOLE(6)] "%cPrebid display: inline-block; color: #fff; background: #3b88c3; padding: 1px 4px; border-radius: 3px; MESSAGE: Emitting event for: bidderDone", source: https://ads.rubiconproject.com/prebid/15688_techtudo.js (6)
[21636:21636:0420/180400.077427:INFO:CONSOLE(1)] "[Player API] //p.glbimg.com/stable/player.min.js embedded!", source: https://p.glbimg.com/api/stable/api.min.js (1)
[21636:21636:0420/180400.167176:INFO:CONSOLE(75)] "bannerLazyLoading: banner_materia__85491447-ccf6-457b-a55a-f85a105271d1", source: https://tags.tiqcdn.com/utag/globo/editoraglobo/prod/utag.js (75)
[21636:21636:0420/180400.167266:INFO:CONSOLE(80)] "divId ajustado: banner_materia", source: https://tags.tiqcdn.com/utag/globo/editoraglobo/prod/utag.js (80)
[21636:21636:0420/180400.168109:INFO:CONSOLE(82)] "googletag push antes", source: https://tags.tiqcdn.com/utag/globo/editoraglobo/prod/utag.js (82)
[21636:21636:0420/180400.168165:INFO:CONSOLE(82)] "googletag push depois", source: https://tags.tiqcdn.com/utag/globo/editoraglobo/prod/utag.js (82)
[21636:21636:0420/180400.168956:INFO:CONSOLE(89)] "googletag display", source: https://tags.tiqcdn.com/utag/globo/editoraglobo/prod/utag.js (89)
[21636:21636:0420/180400.169895:INFO:CONSOLE(6)] "%cPrebid display: inline-block; color: #fff; background: #3b88c3; padding: 1px 4px; border-radius: 3px; INFO: Invoking pbjs.setTargetingForGPTAsync [object Arguments]", source: https://ads.rubiconproject.com/prebid/15688_techtudo.js (6)
[21636:21636:0420/180400.172312:INFO:CONSOLE(6)] "%cPrebid display: inline-block; color: #fff; background: #3b88c3; padding: 1px 4px; border-radius: 3px; INFO: allowTargetingKeys - allowed keys [ hb_bidder, hb_adid, hb_pb, hb_size, hb_deal, hb_source, hb_format, hb_uuid, hb_cache_id, hb_cache_host, hb_native_title, hb_native_body, hb_native_body2, hb_native_privacy, hb_native_privicon, hb_native_brand, hb_native_image, hb_native_icon, hb_native_linkurl, hb_native_displayurl, hb_native_cta, hb_native_rating, hb_native_address, hb_native_downloads, hb_native_likes, hb_native_phone, hb_native_price, hb_native_saleprice, hb_renderer_url, hb_adTemplate ]", source: https://ads.rubiconproject.com/prebid/15688_techtudo.js (6)
[21636:21636:0420/180400.172355:INFO:CONSOLE(6)] "%cPrebid display: inline-block; color: #fff; background: #3b88c3; padding: 1px 4px; border-radius: 3px; INFO: allowTargetingKeys - removed keys [  ]", source: https://ads.rubiconproject.com/prebid/15688_techtudo.js (6)
[21636:21636:0420/180400.172410:INFO:CONSOLE(6)] "%cPrebid display: inline-block; color: #fff; background: #3b88c3; padding: 1px 4px; border-radius: 3px; MESSAGE: Emitting event for: setTargeting", source: https://ads.rubiconproject.com/prebid/15688_techtudo.js (6)
[21636:21636:0420/180400.176031:INFO:CONSOLE(89)] "divId final: banner_materia__85491447-ccf6-457b-a55a-f85a105271d1", source: https://tags.tiqcdn.com/utag/globo/editoraglobo/prod/utag.js (89)
[21636:21636:0420/180400.209851:INFO:CONSOLE(75)] "bannerLazyLoading: banner_materia2", source: https://tags.tiqcdn.com/utag/globo/editoraglobo/prod/utag.js (75)
[21636:21636:0420/180400.209892:INFO:CONSOLE(80)] "divId ajustado: banner_materia2", source: https://tags.tiqcdn.com/utag/globo/editoraglobo/prod/utag.js (80)
[21636:21636:0420/180400.209938:INFO:CONSOLE(82)] "googletag push antes", source: https://tags.tiqcdn.com/utag/globo/editoraglobo/prod/utag.js (82)
[21636:21636:0420/180400.209966:INFO:CONSOLE(82)] "googletag push depois", source: https://tags.tiqcdn.com/utag/globo/editoraglobo/prod/utag.js (82)
[21636:21636:0420/180400.211648:INFO:CONSOLE(89)] "divId final: banner_materia2", source: https://tags.tiqcdn.com/utag/globo/editoraglobo/prod/utag.js (89)
[21636:21636:0420/180400.238149:INFO:CONSOLE(6)] "%cPrebid display: inline-block; color: #fff; background: #3b88c3; padding: 1px 4px; border-radius: 3px; MESSAGE: Emitting event for: bidAdjustment", source: https://ads.rubiconproject.com/prebid/15688_techtudo.js (6)
[21636:21636:0420/180400.238248:INFO:CONSOLE(6)] "%cPrebid display: inline-block; color: #fff; background: #3b88c3; padding: 1px 4px; border-radius: 3px; INFO: suppressing empty key 'hb_deal' from adserver targeting", source: https://ads.rubiconproject.com/prebid/15688_techtudo.js (6)
[21636:21636:0420/180400.242920:INFO:CONSOLE(6)] "%cPrebid display: inline-block; color: #fff; background: #3b88c3; padding: 1px 4px; border-radius: 3px; MESSAGE: Emitting event for: bidResponse", source: https://ads.rubiconproject.com/prebid/15688_techtudo.js (6)
[21636:21636:0420/180400.382518:INFO:CONSOLE(6)] "%cPrebid display: inline-block; color: #fff; background: #3b88c3; padding: 1px 4px; border-radius: 3px; MESSAGE: Emitting event for: noBid", source: https://ads.rubiconproject.com/prebid/15688_techtudo.js (6)
[21636:21636:0420/180400.384034:INFO:CONSOLE(6)] "%cPrebid display: inline-block; color: #fff; background: #3b88c3; padding: 1px 4px; border-radius: 3px; MESSAGE: Emitting event for: noBid", source: https://ads.rubiconproject.com/prebid/15688_techtudo.js (6)
[21636:21636:0420/180400.384089:INFO:CONSOLE(6)] "%cPrebid display: inline-block; color: #fff; background: #3b88c3; padding: 1px 4px; border-radius: 3px; INFO: Bids Received for Auction with id: b18ffcaf-7687-4c36-bf84-11ad1627dd02 [object Object],[object Object],[object Object]", source: https://ads.rubiconproject.com/prebid/15688_techtudo.js (6)
[21636:21636:0420/180400.384419:INFO:CONSOLE(6)] "%cPrebid display: inline-block; color: #fff; background: #3b88c3; padding: 1px 4px; border-radius: 3px; MESSAGE: Emitting event for: auctionEnd", source: https://ads.rubiconproject.com/prebid/15688_techtudo.js (6)
[21636:21636:0420/180400.385472:INFO:CONSOLE(6)] "%cPrebid display: inline-block; color: #fff; background: #3b88c3; padding: 1px 4px; border-radius: 3px; MESSAGE: Emitting event for: tcf2Enforcement", source: https://ads.rubiconproject.com/prebid/15688_techtudo.js (6)
[21636:21636:0420/180400.385545:INFO:CONSOLE(2)] "%cPrebid-RP display: inline-block; color: #fff; background: #4dc33b; padding: 1px 4px; border-radius: 3px; DEBUG: bidsBackHandler execute callback", source: https://ads.rubiconproject.com/prebid/15688_techtudo.js (2)
[21636:21636:0420/180400.385575:INFO:CONSOLE(6)] "%cPrebid display: inline-block; color: #fff; background: #3b88c3; padding: 1px 4px; border-radius: 3px; INFO: Invoking pbjs.setTargetingForGPTAsync [object Arguments]", source: https://ads.rubiconproject.com/prebid/15688_techtudo.js (6)
[21636:21636:0420/180400.394027:INFO:CONSOLE(6)] "%cPrebid display: inline-block; color: #fff; background: #3b88c3; padding: 1px 4px; border-radius: 3px; INFO: allowTargetingKeys - allowed keys [ hb_bidder, hb_adid, hb_pb, hb_size, hb_deal, hb_source, hb_format, hb_uuid, hb_cache_id, hb_cache_host, hb_native_title, hb_native_body, hb_native_body2, hb_native_privacy, hb_native_privicon, hb_native_brand, hb_native_image, hb_native_icon, hb_native_linkurl, hb_native_displayurl, hb_native_cta, hb_native_rating, hb_native_address, hb_native_downloads, hb_native_likes, hb_native_phone, hb_native_price, hb_native_saleprice, hb_renderer_url, hb_adTemplate ]", source: https://ads.rubiconproject.com/prebid/15688_techtudo.js (6)
[21636:21636:0420/180400.394099:INFO:CONSOLE(6)] "%cPrebid display: inline-block; color: #fff; background: #3b88c3; padding: 1px 4px; border-radius: 3px; INFO: allowTargetingKeys - removed keys [ hb_adomain, hb_adomain_rubicon, hb_adomain_smartadse ]", source: https://ads.rubiconproject.com/prebid/15688_techtudo.js (6)
[21636:21636:0420/180400.394551:INFO:CONSOLE(6)] "%cPrebid display: inline-block; color: #fff; background: #3b88c3; padding: 1px 4px; border-radius: 3px; MESSAGE: Attempting to set key value for slot: super key: hb_format value: banner", source: https://ads.rubiconproject.com/prebid/15688_techtudo.js (6)
[21636:21636:0420/180400.394598:INFO:CONSOLE(6)] "%cPrebid display: inline-block; color: #fff; background: #3b88c3; padding: 1px 4px; border-radius: 3px; MESSAGE: Attempting to set key value for slot: super key: hb_source value: client", source: https://ads.rubiconproject.com/prebid/15688_techtudo.js (6)
[21636:21636:0420/180400.394640:INFO:CONSOLE(6)] "%cPrebid display: inline-block; color: #fff; background: #3b88c3; padding: 1px 4px; border-radius: 3px; MESSAGE: Attempting to set key value for slot: super key: hb_deal_rubicon value: 763364", source: https://ads.rubiconproject.com/prebid/15688_techtudo.js (6)
[21636:21636:0420/180400.394664:INFO:CONSOLE(6)] "%cPrebid display: inline-block; color: #fff; background: #3b88c3; padding: 1px 4px; border-radius: 3px; MESSAGE: Attempting to set key value for slot: super key: hb_deal value: 763364", source: https://ads.rubiconproject.com/prebid/15688_techtudo.js (6)
[21636:21636:0420/180400.394703:INFO:CONSOLE(6)] "%cPrebid display: inline-block; color: #fff; background: #3b88c3; padding: 1px 4px; border-radius: 3px; MESSAGE: Attempting to set key value for slot: super key: hb_size value: 970x250", source: https://ads.rubiconproject.com/prebid/15688_techtudo.js (6)
[21636:21636:0420/180400.394727:INFO:CONSOLE(6)] "%cPrebid display: inline-block; color: #fff; background: #3b88c3; padding: 1px 4px; border-radius: 3px; MESSAGE: Attempting to set key value for slot: super key: hb_pb value: 0.96", source: https://ads.rubiconproject.com/prebid/15688_techtudo.js (6)
[21636:21636:0420/180400.395434:INFO:CONSOLE(6)] "%cPrebid display: inline-block; color: #fff; background: #3b88c3; padding: 1px 4px; border-radius: 3px; MESSAGE: Attempting to set key value for slot: super key: hb_adid value: 114cbd7fe35b8f6", source: https://ads.rubiconproject.com/prebid/15688_techtudo.js (6)
[21636:21636:0420/180400.395481:INFO:CONSOLE(6)] "%cPrebid display: inline-block; color: #fff; background: #3b88c3; padding: 1px 4px; border-radius: 3px; MESSAGE: Attempting to set key value for slot: super key: hb_bidder value: rubicon", source: https://ads.rubiconproject.com/prebid/15688_techtudo.js (6)
[21636:21636:0420/180400.395520:INFO:CONSOLE(6)] "%cPrebid display: inline-block; color: #fff; background: #3b88c3; padding: 1px 4px; border-radius: 3px; MESSAGE: Attempting to set key value for slot: super key: hb_format_rubicon value: banner", source: https://ads.rubiconproject.com/prebid/15688_techtudo.js (6)
[21636:21636:0420/180400.395542:INFO:CONSOLE(6)] "%cPrebid display: inline-block; color: #fff; background: #3b88c3; padding: 1px 4px; border-radius: 3px; MESSAGE: Attempting to set key value for slot: super key: hb_source_rubicon value: client", source: https://ads.rubiconproject.com/prebid/15688_techtudo.js (6)
[21636:21636:0420/180400.395573:INFO:CONSOLE(6)] "%cPrebid display: inline-block; color: #fff; background: #3b88c3; padding: 1px 4px; border-radius: 3px; MESSAGE: Attempting to set key value for slot: super key: hb_size_rubicon value: 970x250", source: https://ads.rubiconproject.com/prebid/15688_techtudo.js (6)
[21636:21636:0420/180400.395595:INFO:CONSOLE(6)] "%cPrebid display: inline-block; color: #fff; background: #3b88c3; padding: 1px 4px; border-radius: 3px; MESSAGE: Attempting to set key value for slot: super key: hb_pb_rubicon value: 0.96", source: https://ads.rubiconproject.com/prebid/15688_techtudo.js (6)
[21636:21636:0420/180400.395637:INFO:CONSOLE(6)] "%cPrebid display: inline-block; color: #fff; background: #3b88c3; padding: 1px 4px; border-radius: 3px; MESSAGE: Attempting to set key value for slot: super key: hb_adid_rubicon value: 114cbd7fe35b8f6", source: https://ads.rubiconproject.com/prebid/15688_techtudo.js (6)
[21636:21636:0420/180400.395664:INFO:CONSOLE(6)] "%cPrebid display: inline-block; color: #fff; background: #3b88c3; padding: 1px 4px; border-radius: 3px; MESSAGE: Attempting to set key value for slot: super key: hb_bidder_rubicon value: rubicon", source: https://ads.rubiconproject.com/prebid/15688_techtudo.js (6)
[21636:21636:0420/180400.396509:INFO:CONSOLE(6)] "%cPrebid display: inline-block; color: #fff; background: #3b88c3; padding: 1px 4px; border-radius: 3px; MESSAGE: Attempting to set key value for slot: super key: hb_format_smartadser value: banner", source: https://ads.rubiconproject.com/prebid/15688_techtudo.js (6)
[21636:21636:0420/180400.396572:INFO:CONSOLE(6)] "%cPrebid display: inline-block; color: #fff; background: #3b88c3; padding: 1px 4px; border-radius: 3px; MESSAGE: Attempting to set key value for slot: super key: hb_source_smartadser value: client", source: https://ads.rubiconproject.com/prebid/15688_techtudo.js (6)
[21636:21636:0420/180400.396599:INFO:CONSOLE(6)] "%cPrebid display: inline-block; color: #fff; background: #3b88c3; padding: 1px 4px; border-radius: 3px; MESSAGE: Attempting to set key value for slot: super key: hb_size_smartadserve value: 728x90", source: https://ads.rubiconproject.com/prebid/15688_techtudo.js (6)
[21636:21636:0420/180400.396630:INFO:CONSOLE(6)] "%cPrebid display: inline-block; color: #fff; background: #3b88c3; padding: 1px 4px; border-radius: 3px; MESSAGE: Attempting to set key value for slot: super key: hb_pb_smartadserver value: 0.04", source: https://ads.rubiconproject.com/prebid/15688_techtudo.js (6)
[21636:21636:0420/180400.396650:INFO:CONSOLE(6)] "%cPrebid display: inline-block; color: #fff; background: #3b88c3; padding: 1px 4px; border-radius: 3px; MESSAGE: Attempting to set key value for slot: super key: hb_adid_smartadserve value: 1326e5477973ffb", source: https://ads.rubiconproject.com/prebid/15688_techtudo.js (6)
[21636:21636:0420/180400.396680:INFO:CONSOLE(6)] "%cPrebid display: inline-block; color: #fff; background: #3b88c3; padding: 1px 4px; border-radius: 3px; MESSAGE: Attempting to set key value for slot: super key: hb_bidder_smartadser value: smartadserver", source: https://ads.rubiconproject.com/prebid/15688_techtudo.js (6)
[21636:21636:0420/180400.396701:INFO:CONSOLE(6)] "%cPrebid display: inline-block; color: #fff; background: #3b88c3; padding: 1px 4px; border-radius: 3px; MESSAGE: Attempting to set key value for slot: banner_materia1 key: hb_format value: banner", source: https://ads.rubiconproject.com/prebid/15688_techtudo.js (6)
[21636:21636:0420/180400.396730:INFO:CONSOLE(6)] "%cPrebid display: inline-block; color: #fff; background: #3b88c3; padding: 1px 4px; border-radius: 3px; MESSAGE: Attempting to set key value for slot: banner_materia1 key: hb_source value: client", source: https://ads.rubiconproject.com/prebid/15688_techtudo.js (6)
[21636:21636:0420/180400.396754:INFO:CONSOLE(6)] "%cPrebid display: inline-block; color: #fff; background: #3b88c3; padding: 1px 4px; border-radius: 3px; MESSAGE: Attempting to set key value for slot: banner_materia1 key: hb_size value: 300x250", source: https://ads.rubiconproject.com/prebid/15688_techtudo.js (6)
[21636:21636:0420/180400.397502:INFO:CONSOLE(6)] "%cPrebid display: inline-block; color: #fff; background: #3b88c3; padding: 1px 4px; border-radius: 3px; MESSAGE: Attempting to set key value for slot: banner_materia1 key: hb_pb value: 0.02", source: https://ads.rubiconproject.com/prebid/15688_techtudo.js (6)
[21636:21636:0420/180400.397548:INFO:CONSOLE(6)] "%cPrebid display: inline-block; color: #fff; background: #3b88c3; padding: 1px 4px; border-radius: 3px; MESSAGE: Attempting to set key value for slot: banner_materia1 key: hb_adid value: 128a77f37910bcf", source: https://ads.rubiconproject.com/prebid/15688_techtudo.js (6)
[21636:21636:0420/180400.397593:INFO:CONSOLE(6)] "%cPrebid display: inline-block; color: #fff; background: #3b88c3; padding: 1px 4px; border-radius: 3px; MESSAGE: Attempting to set key value for slot: banner_materia1 key: hb_bidder value: rubicon", source: https://ads.rubiconproject.com/prebid/15688_techtudo.js (6)
[21636:21636:0420/180400.397616:INFO:CONSOLE(6)] "%cPrebid display: inline-block; color: #fff; background: #3b88c3; padding: 1px 4px; border-radius: 3px; MESSAGE: Attempting to set key value for slot: banner_materia1 key: hb_format_rubicon value: banner", source: https://ads.rubiconproject.com/prebid/15688_techtudo.js (6)
[21636:21636:0420/180400.397647:INFO:CONSOLE(6)] "%cPrebid display: inline-block; color: #fff; background: #3b88c3; padding: 1px 4px; border-radius: 3px; MESSAGE: Attempting to set key value for slot: banner_materia1 key: hb_source_rubicon value: client", source: https://ads.rubiconproject.com/prebid/15688_techtudo.js (6)
[21636:21636:0420/180400.397667:INFO:CONSOLE(6)] "%cPrebid display: inline-block; color: #fff; background: #3b88c3; padding: 1px 4px; border-radius: 3px; MESSAGE: Attempting to set key value for slot: banner_materia1 key: hb_size_rubicon value: 300x250", source: https://ads.rubiconproject.com/prebid/15688_techtudo.js (6)
[21636:21636:0420/180400.397695:INFO:CONSOLE(6)] "%cPrebid display: inline-block; color: #fff; background: #3b88c3; padding: 1px 4px; border-radius: 3px; MESSAGE: Attempting to set key value for slot: banner_materia1 key: hb_pb_rubicon value: 0.02", source: https://ads.rubiconproject.com/prebid/15688_techtudo.js (6)
[21636:21636:0420/180400.397716:INFO:CONSOLE(6)] "%cPrebid display: inline-block; color: #fff; background: #3b88c3; padding: 1px 4px; border-radius: 3px; MESSAGE: Attempting to set key value for slot: banner_materia1 key: hb_adid_rubicon value: 128a77f37910bcf", source: https://ads.rubiconproject.com/prebid/15688_techtudo.js (6)
[21636:21636:0420/180400.399698:INFO:CONSOLE(6)] "%cPrebid display: inline-block; color: #fff; background: #3b88c3; padding: 1px 4px; border-radius: 3px; MESSAGE: Attempting to set key value for slot: banner_materia1 key: hb_bidder_rubicon value: rubicon", source: https://ads.rubiconproject.com/prebid/15688_techtudo.js (6)
[21636:21636:0420/180400.399767:INFO:CONSOLE(6)] "%cPrebid display: inline-block; color: #fff; background: #3b88c3; padding: 1px 4px; border-radius: 3px; MESSAGE: Emitting event for: setTargeting", source: https://ads.rubiconproject.com/prebid/15688_techtudo.js (6)
[21636:21636:0420/180400.399899:INFO:CONSOLE(6)] "%cPrebid display: inline-block; color: #fff; background: #3b88c3; padding: 1px 4px; border-radius: 3px; MESSAGE: Emitting event for: bidderDone", source: https://ads.rubiconproject.com/prebid/15688_techtudo.js (6)
[21636:21636:0420/180400.890640:INFO:CONSOLE(38)] "slotRenderEnded div id: banner_materia__85491447-ccf6-457b-a55a-f85a105271d1", source: https://tags.tiqcdn.com/utag/globo/editoraglobo/prod/utag.224.js?utv=ut4.41.202104202028 (38)
[21636:21636:0420/180400.960510:INFO:CONSOLE(38)] "slotRenderEnded div id: pub-in-text", source: https://tags.tiqcdn.com/utag/globo/editoraglobo/prod/utag.224.js?utv=ut4.41.202104202028 (38)
[21636:21636:0420/180401.130887:INFO:CONSOLE(3)] "Exit TRCRBox.loadScriptCallback(retry=0): no items in response - thumbs-feed-01", source: https://cdn.taboola.com/libtrc/impl.20210420-3-RELEASE.js (3)
[21636:21636:0420/180401.136655:INFO:CONSOLE(3)] "Exit TRCRBox.loadScriptCallback(retry=0): no items in response - organic-thumbs-feed-01", source: https://cdn.taboola.com/libtrc/impl.20210420-3-RELEASE.js (3)
[21636:21636:0420/180401.178514:INFO:CONSOLE(3)] "Exit TRCRBox.loadScriptCallback(retry=0): no items in response - thumbs-feed-01", source: https://cdn.taboola.com/libtrc/impl.20210420-3-RELEASE.js (3)
[21636:21636:0420/180401.180514:INFO:CONSOLE(3)] "Exit TRCRBox.loadScriptCallback(retry=0): no items in response - organic-thumbs-feed-01", source: https://cdn.taboola.com/libtrc/impl.20210420-3-RELEASE.js (3)
[21636:21636:0420/180401.180904:INFO:CONSOLE(3)] "undefined", source: https://cdn.taboola.com/libtrc/impl.20210420-3-RELEASE.js (3)
[21636:21636:0420/180401.548697:INFO:CONSOLE(75)] "bannerLazyLoading: banner_materia__2d0490e5-fc69-4eaa-97be-c7c2558fdbab", source: https://tags.tiqcdn.com/utag/globo/editoraglobo/prod/utag.js (75)
[21636:21636:0420/180401.548750:INFO:CONSOLE(80)] "divId ajustado: banner_materia", source: https://tags.tiqcdn.com/utag/globo/editoraglobo/prod/utag.js (80)
[21636:21636:0420/180401.548931:INFO:CONSOLE(82)] "googletag push antes", source: https://tags.tiqcdn.com/utag/globo/editoraglobo/prod/utag.js (82)
[21636:21636:0420/180401.548954:INFO:CONSOLE(82)] "googletag push depois", source: https://tags.tiqcdn.com/utag/globo/editoraglobo/prod/utag.js (82)
[21636:21636:0420/180401.549498:INFO:CONSOLE(89)] "googletag display", source: https://tags.tiqcdn.com/utag/globo/editoraglobo/prod/utag.js (89)
[21636:21636:0420/180401.550070:INFO:CONSOLE(6)] "%cPrebid display: inline-block; color: #fff; background: #3b88c3; padding: 1px 4px; border-radius: 3px; INFO: Invoking pbjs.setTargetingForGPTAsync [object Arguments]", source: https://ads.rubiconproject.com/prebid/15688_techtudo.js (6)
[21636:21636:0420/180401.551772:INFO:CONSOLE(6)] "%cPrebid display: inline-block; color: #fff; background: #3b88c3; padding: 1px 4px; border-radius: 3px; INFO: allowTargetingKeys - allowed keys [ hb_bidder, hb_adid, hb_pb, hb_size, hb_deal, hb_source, hb_format, hb_uuid, hb_cache_id, hb_cache_host, hb_native_title, hb_native_body, hb_native_body2, hb_native_privacy, hb_native_privicon, hb_native_brand, hb_native_image, hb_native_icon, hb_native_linkurl, hb_native_displayurl, hb_native_cta, hb_native_rating, hb_native_address, hb_native_downloads, hb_native_likes, hb_native_phone, hb_native_price, hb_native_saleprice, hb_renderer_url, hb_adTemplate ]", source: https://ads.rubiconproject.com/prebid/15688_techtudo.js (6)
[21636:21636:0420/180401.551824:INFO:CONSOLE(6)] "%cPrebid display: inline-block; color: #fff; background: #3b88c3; padding: 1px 4px; border-radius: 3px; INFO: allowTargetingKeys - removed keys [  ]", source: https://ads.rubiconproject.com/prebid/15688_techtudo.js (6)
[21636:21636:0420/180401.551861:INFO:CONSOLE(6)] "%cPrebid display: inline-block; color: #fff; background: #3b88c3; padding: 1px 4px; border-radius: 3px; MESSAGE: Emitting event for: setTargeting", source: https://ads.rubiconproject.com/prebid/15688_techtudo.js (6)
[21636:21636:0420/180401.552272:INFO:CONSOLE(89)] "divId final: banner_materia__2d0490e5-fc69-4eaa-97be-c7c2558fdbab", source: https://tags.tiqcdn.com/utag/globo/editoraglobo/prod/utag.js (89)
[21636:21636:0420/180401.624512:INFO:CONSOLE(38)] "slotRenderEnded div id: banner_materia2", source: https://tags.tiqcdn.com/utag/globo/editoraglobo/prod/utag.224.js?utv=ut4.41.202104202028 (38)
[21636:21636:0420/180401.693467:INFO:CONSOLE(38)] "slotRenderEnded div id: pub-vitrine", source: https://tags.tiqcdn.com/utag/globo/editoraglobo/prod/utag.224.js?utv=ut4.41.202104202028 (38)
[21636:21636:0420/180401.949551:INFO:CONSOLE(38)] "slotRenderEnded div id: super", source: https://tags.tiqcdn.com/utag/globo/editoraglobo/prod/utag.224.js?utv=ut4.41.202104202028 (38)
[21636:21636:0420/180402.081337:INFO:CONSOLE(6)] "%cPrebid display: inline-block; color: #fff; background: #3b88c3; padding: 1px 4px; border-radius: 3px; INFO: Invoking pbjs.renderAd [object Arguments]", source: https://ads.rubiconproject.com/prebid/15688_techtudo.js (6)
[21636:21636:0420/180402.081452:INFO:CONSOLE(6)] "%cPrebid display: inline-block; color: #fff; background: #3b88c3; padding: 1px 4px; border-radius: 3px; MESSAGE: Calling renderAd with adId :114cbd7fe35b8f6", source: https://ads.rubiconproject.com/prebid/15688_techtudo.js (6)
[21636:21636:0420/180402.081539:INFO:CONSOLE(6)] "%cPrebid display: inline-block; color: #fff; background: #3b88c3; padding: 1px 4px; border-radius: 3px; MESSAGE: Emitting event for: bidWon", source: https://ads.rubiconproject.com/prebid/15688_techtudo.js (6)
[21636:21636:0420/180402.242828:INFO:CONSOLE(89)] "googletag display timeout", source: https://tags.tiqcdn.com/utag/globo/editoraglobo/prod/utag.js (89)
[21636:21636:0420/180402.243357:INFO:CONSOLE(6)] "%cPrebid display: inline-block; color: #fff; background: #3b88c3; padding: 1px 4px; border-radius: 3px; INFO: Invoking pbjs.setTargetingForGPTAsync [object Arguments]", source: https://ads.rubiconproject.com/prebid/15688_techtudo.js (6)
[21636:21636:0420/180402.245764:INFO:CONSOLE(6)] "%cPrebid display: inline-block; color: #fff; background: #3b88c3; padding: 1px 4px; border-radius: 3px; INFO: allowTargetingKeys - allowed keys [ hb_bidder, hb_adid, hb_pb, hb_size, hb_deal, hb_source, hb_format, hb_uuid, hb_cache_id, hb_cache_host, hb_native_title, hb_native_body, hb_native_body2, hb_native_privacy, hb_native_privicon, hb_native_brand, hb_native_image, hb_native_icon, hb_native_linkurl, hb_native_displayurl, hb_native_cta, hb_native_rating, hb_native_address, hb_native_downloads, hb_native_likes, hb_native_phone, hb_native_price, hb_native_saleprice, hb_renderer_url, hb_adTemplate ]", source: https://ads.rubiconproject.com/prebid/15688_techtudo.js (6)
[21636:21636:0420/180402.245885:INFO:CONSOLE(6)] "%cPrebid display: inline-block; color: #fff; background: #3b88c3; padding: 1px 4px; border-radius: 3px; INFO: allowTargetingKeys - removed keys [  ]", source: https://ads.rubiconproject.com/prebid/15688_techtudo.js (6)
[21636:21636:0420/180402.245916:INFO:CONSOLE(6)] "%cPrebid display: inline-block; color: #fff; background: #3b88c3; padding: 1px 4px; border-radius: 3px; MESSAGE: Emitting event for: setTargeting", source: https://ads.rubiconproject.com/prebid/15688_techtudo.js (6)
[21636:21636:0420/180402.431640:INFO:CONSOLE(38)] "slotRenderEnded div id: banner_materia__2d0490e5-fc69-4eaa-97be-c7c2558fdbab", source: https://tags.tiqcdn.com/utag/globo/editoraglobo/prod/utag.224.js?utv=ut4.41.202104202028 (38)
[21636:21636:0420/180402.511776:INFO:CONSOLE(38)] "slotRenderEnded div id: banner_megabox_fim", source: https://tags.tiqcdn.com/utag/globo/editoraglobo/prod/utag.224.js?utv=ut4.41.202104202028 (38)
[21636:21636:0420/180402.621647:INFO:CONSOLE(6)] "%cPrebid display: inline-block; color: #fff; background: #3b88c3; padding: 1px 4px; border-radius: 3px; WARNING: module criteo is loading external JavaScript", source: https://ads.rubiconproject.com/prebid/15688_techtudo.js (6)
[21636:21636:0420/180403.146184:INFO:CONSOLE(38)] "slotRenderEnded div id: banner_materia1", source: https://tags.tiqcdn.com/utag/globo/editoraglobo/prod/utag.224.js?utv=ut4.41.202104202028 (38)
[21636:21636:0420/180403.260517:INFO:CONSOLE(38)] "slotRenderEnded div id: banner_materia2", source: https://tags.tiqcdn.com/utag/globo/editoraglobo/prod/utag.224.js?utv=ut4.41.202104202028 (38)
[21636:21636:0420/180403.739416:INFO:CONSOLE(38)] "slotRenderEnded div id: banner_materia__85491447-ccf6-457b-a55a-f85a105271d1", source: https://tags.tiqcdn.com/utag/globo/editoraglobo/prod/utag.224.js?utv=ut4.41.202104202028 (38)
[21636:21636:0420/180404.766657:INFO:CONSOLE(6)] "%cPrebid display: inline-block; color: #fff; background: #3b88c3; padding: 1px 4px; border-radius: 3px; MESSAGE: xhr success", source: https://ads.rubiconproject.com/prebid/15688_techtudo.js (6)
[21636:21636:0420/180405.521575:INFO:CONSOLE(6)] "%cPrebid display: inline-block; color: #fff; background: #3b88c3; padding: 1px 4px; border-radius: 3px; MESSAGE: Invoking iframe user sync for bidder: smartadserver", source: https://ads.rubiconproject.com/prebid/15688_techtudo.js (6)
[21636:21636:0420/180405.565023:INFO:CONSOLE(6)] "%cPrebid display: inline-block; color: #fff; background: #3b88c3; padding: 1px 4px; border-radius: 3px; MESSAGE: Invoking iframe user sync for bidder: rubicon", source: https://ads.rubiconproject.com/prebid/15688_techtudo.js (6)
[21636:21636:0420/180405.851803:INFO:CONSOLE(642)] "655px 90px", source: https://cdn.flashtalking.com/134958/3359427/index.html (642)
[21636:21636:0420/180407.091862:INFO:CONSOLE(61)] "18:04:07,088 com.stickyadstv.utils.Browser GDPR 2.0 - TCFAPI function cannot be found. _fw_gdpr: null, _fw_gdpr_consent: null", source: https://cdn.stickyadstv.com/mustang/vpaid-adapter.min.js (61)
[21636:21636:0420/180407.176655:INFO:CONSOLE(61)] "18:04:07,176 com.stickyadstv.utils.Browser GDPR 2.0 - TCFAPI function cannot be found. _fw_gdpr: null, _fw_gdpr_consent: null", source: https://cdn.stickyadstv.com/mustang/vpaid-adapter.min.js (61)
[21636:21636:0420/180407.210024:INFO:CONSOLE(61)] "18:04:07,207 com.stickyadstv.utils.Browser GDPR 2.0 - TCFAPI function cannot be found. _fw_gdpr: null, _fw_gdpr_consent: null", source: https://cdn.stickyadstv.com/mustang/vpaid-adapter.min.js (61)
[21636:21636:0420/180407.239385:INFO:CONSOLE(61)] "18:04:07,232 com.stickyadstv.utils.Browser GDPR 2.0 - TCFAPI function cannot be found. _fw_gdpr: null, _fw_gdpr_consent: null", source: https://cdn.stickyadstv.com/mustang/vpaid-adapter.min.js (61)
[21636:21636:0420/180407.499170:INFO:CONSOLE(61)] "18:04:07,481 com.stickyadstv.utils.Browser GDPR 2.0 - TCFAPI function cannot be found. _fw_gdpr: null, _fw_gdpr_consent: null", source: https://cdn.stickyadstv.com/mustang/vpaid-adapter.min.js (61)
[21636:21636:0420/180408.056209:INFO:CONSOLE(61)] "18:04:08,051 com.stickyadstv.utils.Browser GDPR 2.0 - TCFAPI function cannot be found. _fw_gdpr: null, _fw_gdpr_consent: null", source: https://cdn.stickyadstv.com/mustang/vpaid-adapter.min.js (61)
[21636:21636:0420/180408.458633:INFO:CONSOLE(169)] "[bastian] gui.lightbox.lightbox seems to be missing on the page", source: https://s3.glbimg.com/v1/AUTH_1c4eff5024b8401b9ec5d03c9280acc4/b/build/bastian-2021048860af12cb3f3053432e1863e2f7539c.js (169)
[21674:21689:0420/180408.667160:WARNING:spdy_session.cc(3431)] Received HEADERS for invalid stream 19
[21674:21689:0420/180410.321716:ERROR:ssl_client_socket_impl.cc(947)] handshake failed; returned -1, SSL error code 1, net_error -113
[21636:21636:0420/180411.178260:INFO:CONSOLE(61)] "18:04:11,168 com.stickyadstv.utils.Browser GDPR 2.0 - TCFAPI function cannot be found. _fw_gdpr: null, _fw_gdpr_consent: null", source: https://cdn.stickyadstv.com/mustang/vpaid-adapter.min.js (61)
[21636:21636:0420/180411.212955:INFO:CONSOLE(61)] "18:04:11,212 com.stickyadstv.utils.Browser GDPR 2.0 - TCFAPI function cannot be found. _fw_gdpr: null, _fw_gdpr_consent: null", source: https://cdn.stickyadstv.com/mustang/vpaid-adapter.min.js (61)
[21674:21689:0420/180411.456394:WARNING:spdy_session.cc(3431)] Received HEADERS for invalid stream 39
[21674:21689:0420/180411.565315:WARNING:spdy_session.cc(3431)] Received HEADERS for invalid stream 37
[21674:21689:0420/180411.617158:WARNING:spdy_session.cc(3431)] Received HEADERS for invalid stream 41
[21636:21636:0420/180413.302533:INFO:CONSOLE(61)] "18:04:13,302 com.stickyadstv.utils.Browser GDPR 2.0 - TCFAPI function cannot be found. _fw_gdpr: null, _fw_gdpr_consent: null", source: https://cdn.stickyadstv.com/mustang/vpaid-adapter.min.js (61)
[21636:21636:0420/180413.632927:INFO:CONSOLE(61)] "18:04:13,632 com.stickyadstv.utils.Browser GDPR 2.0 - TCFAPI function cannot be found. _fw_gdpr: null, _fw_gdpr_consent: null", source: https://cdn.stickyadstv.com/mustang/vpaid-adapter.min.js (61)
[21636:21636:0420/180414.392297:INFO:CONSOLE(15)] "The PerformanceObserver does not support buffered flag with the entryTypes argument.", source: https://s3.glbimg.com/v1/AUTH_b002e0039b9f46a5a4a94ff667d31e2d/assets/dist/79f183b1689b0b1a06d099aa3ea9153d.js (15)
[21853:1:0420/180414.438737:ERROR:range_in_flat_tree.cc(24)] end #text ", com um link capaz de redirecionar o an\u00FAncio ao chat do perfil da empresa no WhatsApp. A fun\u00E7\u00E3o \u00E9 gratuita, mas por tempo limitado. As marcas t\u00EAm 24h para responder os clientes \u2014 depois desse per\u00EDodo, s\u00E3o cobradas taxas para a conta comercial. "@offsetInAnchor[87]
[21674:21689:0420/180416.002070:ERROR:ssl_client_socket_impl.cc(947)] handshake failed; returned -1, SSL error code 1, net_error -107
[21636:21636:0420/180416.092917:INFO:CONSOLE(0)] "[Intervention] Download in ad frame without user activation is not allowed. See https://www.chromestatus.com/feature/6311883621531648 for more details.", source: about:blank (0)
[21636:21636:0420/180416.514271:INFO:CONSOLE(61)] "18:04:16,514 com.stickyadstv.utils.Browser GDPR 2.0 - TCFAPI function cannot be found. _fw_gdpr: null, _fw_gdpr_consent: null", source: https://cdn.stickyadstv.com/mustang/vpaid-adapter.min.js (61)
[21636:21636:0420/180416.845511:INFO:CONSOLE(61)] "18:04:16,839 com.stickyadstv.utils.Browser GDPR 2.0 - TCFAPI function cannot be found. _fw_gdpr: null, _fw_gdpr_consent: null", source: https://cdn.stickyadstv.com/mustang/vpaid-adapter.min.js (61)
[21636:21636:0420/180416.993594:INFO:CONSOLE(15)] "[bs-userpower::PotentialTTI event] [object CustomEvent]", source: https://s3.glbimg.com/v1/AUTH_b002e0039b9f46a5a4a94ff667d31e2d/assets/dist/79f183b1689b0b1a06d099aa3ea9153d.js (15)
[21636:21636:0420/180419.537674:INFO:CONSOLE(61)] "18:04:19,537 com.stickyadstv.utils.Browser GDPR 2.0 - TCFAPI function cannot be found. _fw_gdpr: null, _fw_gdpr_consent: null", source: https://cdn.stickyadstv.com/mustang/vpaid-adapter.min.js (61)
[21636:21636:0420/180419.909764:INFO:CONSOLE(61)] "18:04:19,908 com.stickyadstv.utils.Browser GDPR 2.0 - TCFAPI function cannot be found. _fw_gdpr: null, _fw_gdpr_consent: null", source: https://cdn.stickyadstv.com/mustang/vpaid-adapter.min.js (61)
[21636:21636:0420/180420.258679:INFO:CONSOLE(0)] "Refused to execute script from 'https://rtd-tm.everesttech.net/ct/upi/pid/1491?gdpr=0&us_privacy=1---&redir=https%3A%2F%2Fsync.taboola.com%2Fsg%2Fadobe-network%2F1%2Frtb-h%2F%3Ftaboola_hm%3D%24%7BTM_USER_ID%7D%26orig%3Dvideo%26us_privacy%3D1---&_test=YH9B1AAAAvYz8QBD' because its MIME type ('image/png') is not executable.", source: about:srcdoc (0)
[21636:21636:0420/180420.380260:INFO:CONSOLE(0)] "Refused to execute script from 'https://rtd-tm.everesttech.net/ct/upi/pid/1491?gdpr=0&us_privacy=1---&redir=https%3A%2F%2Fsync.taboola.com%2Fsg%2Fadobe-network%2F1%2Frtb-h%2F%3Ftaboola_hm%3D%24%7BTM_USER_ID%7D%26orig%3Dvideo%26us_privacy%3D1---&_test=YH9B1AAAAuc03QBD' because its MIME type ('image/png') is not executable.", source: about:srcdoc (0)
[21636:21636:0420/180421.881625:INFO:CONSOLE(61)] "18:04:21,868 com.stickyadstv.utils.Browser GDPR 2.0 - TCFAPI function cannot be found. _fw_gdpr: null, _fw_gdpr_consent: null", source: https://cdn.stickyadstv.com/mustang/vpaid-adapter.min.js (61)
[21636:21636:0420/180421.931097:INFO:CONSOLE(61)] "18:04:21,914 com.stickyadstv.utils.Browser GDPR 2.0 - TCFAPI function cannot be found. _fw_gdpr: null, _fw_gdpr_consent: null", source: https://cdn.stickyadstv.com/mustang/vpaid-adapter.min.js (61)
[21636:21636:0420/180422.599100:INFO:CONSOLE(61)] "18:04:22,586 com.stickyadstv.utils.Browser GDPR 2.0 - TCFAPI function cannot be found. _fw_gdpr: null, _fw_gdpr_consent: null", source: https://cdn.stickyadstv.com/mustang/vpaid-adapter.min.js (61)
[21636:21636:0420/180422.806987:INFO:CONSOLE(0)] "Refused to execute script from 'https://rtd-tm.everesttech.net/ct/upi/pid/1491?gdpr=0&us_privacy=1---&redir=https%3A%2F%2Fsync.taboola.com%2Fsg%2Fadobe-network%2F1%2Frtb-h%2F%3Ftaboola_hm%3D%24%7BTM_USER_ID%7D%26orig%3Dvideo%26us_privacy%3D1---&_test=YH9B1gAAA2vbFwAQ' because its MIME type ('image/png') is not executable.", source: about:srcdoc (0)
[21636:21636:0420/180422.918183:INFO:CONSOLE(61)] "18:04:22,917 com.stickyadstv.utils.Browser GDPR 2.0 - TCFAPI function cannot be found. _fw_gdpr: null, _fw_gdpr_consent: null", source: https://cdn.stickyadstv.com/mustang/vpaid-adapter.min.js (61)
[21636:21636:0420/180423.062086:INFO:CONSOLE(0)] "Refused to execute script from 'https://rtd-tm.everesttech.net/ct/upi/pid/1491?gdpr=0&us_privacy=1---&redir=https%3A%2F%2Fsync.taboola.com%2Fsg%2Fadobe-network%2F1%2Frtb-h%2F%3Ftaboola_hm%3D%24%7BTM_USER_ID%7D%26orig%3Dvideo%26us_privacy%3D1---&_test=YH9B1gAAA2rb8AAQ' because its MIME type ('image/png') is not executable.", source: about:srcdoc (0)
[21636:21636:0420/180423.078331:INFO:CONSOLE(0)] "Refused to execute script from 'https://rtd-tm.everesttech.net/ct/upi/pid/1491?gdpr=0&us_privacy=1---&redir=https%3A%2F%2Fsync.taboola.com%2Fsg%2Fadobe-network%2F1%2Frtb-h%2F%3Ftaboola_hm%3D%24%7BTM_USER_ID%7D%26orig%3Dvideo%26us_privacy%3D1---&_test=YH9B1gAAAxFD7ABD' because its MIME type ('image/png') is not executable.", source: about:srcdoc (0)
[21636:21636:0420/180423.089979:INFO:CONSOLE(0)] "Refused to execute script from 'https://rtd-tm.everesttech.net/ct/upi/pid/1491?gdpr=0&us_privacy=1---&redir=https%3A%2F%2Fsync.taboola.com%2Fsg%2Fadobe-network%2F1%2Frtb-h%2F%3Ftaboola_hm%3D%24%7BTM_USER_ID%7D%26orig%3Dvideo%26us_privacy%3D1---&_test=YH9B1gAAA4Oh1QAR' because its MIME type ('image/png') is not executable.", source: about:srcdoc (0)
[21636:21636:0420/180423.839867:INFO:CONSOLE(61)] "18:04:23,828 com.stickyadstv.utils.Browser GDPR 2.0 - TCFAPI function cannot be found. _fw_gdpr: null, _fw_gdpr_consent: null", source: https://cdn.stickyadstv.com/mustang/vpaid-adapter.min.js (61)
[21636:21636:0420/180423.881001:INFO:CONSOLE(61)] "18:04:23,873 com.stickyadstv.utils.Browser GDPR 2.0 - TCFAPI function cannot be found. _fw_gdpr: null, _fw_gdpr_consent: null", source: https://cdn.stickyadstv.com/mustang/vpaid-adapter.min.js (61)
[21636:21636:0420/180424.932067:INFO:CONSOLE(0)] "Refused to execute script from 'https://rtd-tm.everesttech.net/ct/upi/pid/1491?gdpr=0&us_privacy=1---&redir=https%3A%2F%2Fsync.taboola.com%2Fsg%2Fadobe-network%2F1%2Frtb-h%2F%3Ftaboola_hm%3D%24%7BTM_USER_ID%7D%26orig%3Dvideo%26us_privacy%3D1---&_test=YH9B2AAAA36spwAR' because its MIME type ('image/png') is not executable.", source: about:srcdoc (0)
[21636:21636:0420/180425.194562:INFO:CONSOLE(0)] "Refused to execute script from 'https://rtd-tm.everesttech.net/ct/upi/pid/1491?gdpr=0&us_privacy=1---&redir=https%3A%2F%2Fsync.taboola.com%2Fsg%2Fadobe-network%2F1%2Frtb-h%2F%3Ftaboola_hm%3D%24%7BTM_USER_ID%7D%26orig%3Dvideo%26us_privacy%3D1---&_test=YH9B2QAAA2fowAAQ' because its MIME type ('image/png') is not executable.", source: about:srcdoc (0)
[21636:21636:0420/180425.487314:INFO:CONSOLE(61)] "18:04:25,486 com.stickyadstv.utils.Browser GDPR 2.0 - TCFAPI function cannot be found. _fw_gdpr: null, _fw_gdpr_consent: null", source: https://cdn.stickyadstv.com/mustang/vpaid-adapter.min.js (61)
[21636:21636:0420/180425.850710:INFO:CONSOLE(61)] "18:04:25,850 com.stickyadstv.utils.Browser GDPR 2.0 - TCFAPI function cannot be found. _fw_gdpr: null, _fw_gdpr_consent: null", source: https://cdn.stickyadstv.com/mustang/vpaid-adapter.min.js (61)
[21636:21636:0420/180426.946760:INFO:CONSOLE(75)] "bannerLazyLoading: banner_materia__be49a901-49a6-4e65-b23d-9f00817f0f4f", source: https://tags.tiqcdn.com/utag/globo/editoraglobo/prod/utag.js (75)
[21636:21636:0420/180426.947035:INFO:CONSOLE(80)] "divId ajustado: banner_materia", source: https://tags.tiqcdn.com/utag/globo/editoraglobo/prod/utag.js (80)
[21636:21636:0420/180426.947949:INFO:CONSOLE(82)] "googletag push antes", source: https://tags.tiqcdn.com/utag/globo/editoraglobo/prod/utag.js (82)
[21636:21636:0420/180426.948003:INFO:CONSOLE(82)] "googletag push depois", source: https://tags.tiqcdn.com/utag/globo/editoraglobo/prod/utag.js (82)
[21636:21636:0420/180426.948233:INFO:CONSOLE(89)] "googletag display", source: https://tags.tiqcdn.com/utag/globo/editoraglobo/prod/utag.js (89)
[21636:21636:0420/180426.950077:INFO:CONSOLE(6)] "%cPrebid display: inline-block; color: #fff; background: #3b88c3; padding: 1px 4px; border-radius: 3px; INFO: Invoking pbjs.setTargetingForGPTAsync [object Arguments]", source: https://ads.rubiconproject.com/prebid/15688_techtudo.js (6)
[21636:21636:0420/180426.951070:INFO:CONSOLE(6)] "%cPrebid display: inline-block; color: #fff; background: #3b88c3; padding: 1px 4px; border-radius: 3px; INFO: allowTargetingKeys - allowed keys [ hb_bidder, hb_adid, hb_pb, hb_size, hb_deal, hb_source, hb_format, hb_uuid, hb_cache_id, hb_cache_host, hb_native_title, hb_native_body, hb_native_body2, hb_native_privacy, hb_native_privicon, hb_native_brand, hb_native_image, hb_native_icon, hb_native_linkurl, hb_native_displayurl, hb_native_cta, hb_native_rating, hb_native_address, hb_native_downloads, hb_native_likes, hb_native_phone, hb_native_price, hb_native_saleprice, hb_renderer_url, hb_adTemplate ]", source: https://ads.rubiconproject.com/prebid/15688_techtudo.js (6)
[21636:21636:0420/180426.951155:INFO:CONSOLE(6)] "%cPrebid display: inline-block; color: #fff; background: #3b88c3; padding: 1px 4px; border-radius: 3px; INFO: allowTargetingKeys - removed keys [  ]", source: https://ads.rubiconproject.com/prebid/15688_techtudo.js (6)
[21636:21636:0420/180426.951795:INFO:CONSOLE(6)] "%cPrebid display: inline-block; color: #fff; background: #3b88c3; padding: 1px 4px; border-radius: 3px; MESSAGE: Emitting event for: setTargeting", source: https://ads.rubiconproject.com/prebid/15688_techtudo.js (6)
[21636:21636:0420/180426.952255:INFO:CONSOLE(89)] "divId final: banner_materia__be49a901-49a6-4e65-b23d-9f00817f0f4f", source: https://tags.tiqcdn.com/utag/globo/editoraglobo/prod/utag.js (89)
[21636:21636:0420/180427.701748:INFO:CONSOLE(38)] "slotRenderEnded div id: banner_materia__be49a901-49a6-4e65-b23d-9f00817f0f4f", source: https://tags.tiqcdn.com/utag/globo/editoraglobo/prod/utag.224.js?utv=ut4.41.202104202028 (38)
[21636:21636:0420/180428.249179:INFO:CONSOLE(169)] "[bastian] $.glbrealtime.gerar_clique seems to be missing on the page", source: https://s3.glbimg.com/v1/AUTH_1c4eff5024b8401b9ec5d03c9280acc4/b/build/bastian-2021048860af12cb3f3053432e1863e2f7539c.js (169)
[21636:21636:0420/180429.057715:INFO:CONSOLE(61)] "18:04:29,053 com.stickyadstv.utils.Browser GDPR 2.0 - TCFAPI function cannot be found. _fw_gdpr: null, _fw_gdpr_consent: null", source: https://cdn.stickyadstv.com/mustang/vpaid-adapter.min.js (61)
[21636:21636:0420/180429.414218:INFO:CONSOLE(61)] "18:04:29,388 com.stickyadstv.utils.Browser GDPR 2.0 - TCFAPI function cannot be found. _fw_gdpr: null, _fw_gdpr_consent: null", source: https://cdn.stickyadstv.com/mustang/vpaid-adapter.min.js (61)
[21636:21636:0420/180429.854550:INFO:CONSOLE(74)] "10.2", source: https://s0.2mdn.net/9694601/1612213890083/459452_br_cs_co_dir_ba_MPHTML-XPS13-ci7-NA-XPSTeaser_970x250_VAR/459452_970x250.js (74)
[21636:21636:0420/180430.194106:INFO:CONSOLE(71)] "Origin trial controlled feature not enabled: 'trust-token-redemption'.", source: https://imasdk.googleapis.com/js/sdkloader/ima3.js (71)
[21636:21636:0420/180431.281753:INFO:CONSOLE(3)] "undefined", source: https://cdn.taboola.com/libtrc/impl.20210420-3-RELEASE.js (3)
[21636:21636:0420/180431.311778:INFO:CONSOLE(3)] "undefined", source: https://cdn.taboola.com/libtrc/impl.20210420-3-RELEASE.js (3)
[21636:21636:0420/180431.341359:INFO:CONSOLE(3)] "undefined", source: https://cdn.taboola.com/libtrc/impl.20210420-3-RELEASE.js (3)
[21636:21636:0420/180431.367010:INFO:CONSOLE(3)] "undefined", source: https://cdn.taboola.com/libtrc/impl.20210420-3-RELEASE.js (3)
[21636:21636:0420/180431.367686:INFO:CONSOLE(3)] "undefined", source: https://cdn.taboola.com/libtrc/impl.20210420-3-RELEASE.js (3)
[21636:21636:0420/180431.368342:INFO:CONSOLE(3)] "undefined", source: https://cdn.taboola.com/libtrc/impl.20210420-3-RELEASE.js (3)
[21636:21636:0420/180431.369197:INFO:CONSOLE(3)] "undefined", source: https://cdn.taboola.com/libtrc/impl.20210420-3-RELEASE.js (3)
[21636:21636:0420/180431.369735:INFO:CONSOLE(3)] "undefined", source: https://cdn.taboola.com/libtrc/impl.20210420-3-RELEASE.js (3)
[21636:21636:0420/180431.370241:INFO:CONSOLE(3)] "undefined", source: https://cdn.taboola.com/libtrc/impl.20210420-3-RELEASE.js (3)
[21636:21636:0420/180431.370824:INFO:CONSOLE(3)] "undefined", source: https://cdn.taboola.com/libtrc/impl.20210420-3-RELEASE.js (3)
[21636:21636:0420/180431.372682:INFO:CONSOLE(3)] "undefined", source: https://cdn.taboola.com/libtrc/impl.20210420-3-RELEASE.js (3)
[21636:21636:0420/180431.375647:INFO:CONSOLE(3)] "undefined", source: https://cdn.taboola.com/libtrc/impl.20210420-3-RELEASE.js (3)
[21636:21636:0420/180431.376111:INFO:CONSOLE(3)] "undefined", source: https://cdn.taboola.com/libtrc/impl.20210420-3-RELEASE.js (3)
[21636:21636:0420/180431.376801:INFO:CONSOLE(3)] "undefined", source: https://cdn.taboola.com/libtrc/impl.20210420-3-RELEASE.js (3)
[21636:21636:0420/180433.734526:INFO:CONSOLE(61)] "18:04:33,722 com.stickyadstv.utils.Browser GDPR 2.0 - TCFAPI function cannot be found. _fw_gdpr: null, _fw_gdpr_consent: null", source: https://cdn.stickyadstv.com/mustang/vpaid-adapter.min.js (61)
[21636:21636:0420/180434.049341:INFO:CONSOLE(61)] "18:04:34,047 com.stickyadstv.utils.Browser GDPR 2.0 - TCFAPI function cannot be found. _fw_gdpr: null, _fw_gdpr_consent: null", source: https://cdn.stickyadstv.com/mustang/vpaid-adapter.min.js (61)
[21636:21636:0420/180436.964896:INFO:CONSOLE(32)] "SharedArrayBuffer will require cross-origin isolation as of M91, around May 2021. See https://developer.chrome.com/blog/enabling-shared-array-buffer/ for more details.", source: https://static.adsafeprotected.com/sca.17.5.1.js (32)
[21636:21636:0420/180436.965912:INFO:CONSOLE(32)] "The AudioContext was not allowed to start. It must be resumed (or created) after a user gesture on the page. https://goo.gl/7K7WLu", source: https://static.adsafeprotected.com/sca.17.5.1.js (32)
[21636:21636:0420/180436.968317:INFO:CONSOLE(32)] "a: 0.001708984375 ms", source: https://static.adsafeprotected.com/sca.17.5.1.js (32)
[21636:21636:0420/180437.089306:INFO:CONSOLE(61)] "18:04:37,081 com.stickyadstv.utils.Browser GDPR 2.0 - TCFAPI function cannot be found. _fw_gdpr: null, _fw_gdpr_consent: null", source: https://cdn.stickyadstv.com/mustang/vpaid-adapter.min.js (61)
[21636:21636:0420/180437.131855:INFO:CONSOLE(61)] "18:04:37,123 com.stickyadstv.utils.Browser GDPR 2.0 - TCFAPI function cannot be found. _fw_gdpr: null, _fw_gdpr_consent: null", source: https://cdn.stickyadstv.com/mustang/vpaid-adapter.min.js (61)
[21636:21636:0420/180437.183876:INFO:CONSOLE(61)] "18:04:37,178 com.stickyadstv.utils.Browser GDPR 2.0 - TCFAPI function cannot be found. _fw_gdpr: null, _fw_gdpr_consent: null", source: https://cdn.stickyadstv.com/mustang/vpaid-adapter.min.js (61)
[21636:21636:0420/180442.475400:INFO:CONSOLE(61)] "18:04:42,396 com.stickyadstv.utils.Browser GDPR 2.0 - TCFAPI function cannot be found. _fw_gdpr: null, _fw_gdpr_consent: null", source: https://cdn.stickyadstv.com/mustang/vpaid-adapter.min.js (61)
[21636:21636:0420/180442.552994:INFO:CONSOLE(61)] "18:04:42,531 com.stickyadstv.utils.Browser GDPR 2.0 - TCFAPI function cannot be found. _fw_gdpr: null, _fw_gdpr_consent: null", source: https://cdn.stickyadstv.com/mustang/vpaid-adapter.min.js (61)
[21636:21636:0420/180451.413549:INFO:CONSOLE(1)] "WebSocket connection to 'wss://web.whatsapp.com/ws' failed: Error in connection establishment: net::ERR_INTERNET_DISCONNECTED", source: https://web.whatsapp.com/bootstrap_qr.b331bf4e2ea119ffdd12.js (1)
[21636:21636:0420/180451.446127:INFO:CONSOLE(1)] "WebSocket connection to 'wss://web.whatsapp.com/ws' failed: Error in connection establishment: net::ERR_INTERNET_DISCONNECTED", source: https://web.whatsapp.com/bootstrap_qr.b331bf4e2ea119ffdd12.js (1)
[21636:21636:0420/232322.307688:INFO:CONSOLE(13)] "Uncaught TypeError: Cannot read property 'unload' of undefined", source: https://s3.glbimg.com/v1/AUTH_b002e0039b9f46a5a4a94ff667d31e2d/assets/dist/79f183b1689b0b1a06d099aa3ea9153d.js (13)
[21636:21636:0420/232322.912172:WARNING:pref_notifier_impl.cc(40)] Pref observer for media_router.cast_allow_all_ips found at shutdown.
